android/build/outputs/logs/manifest-merger-debug-report.txt
-- Merging decision tree log ---
manifest
ADDED from zombie_android_june\android\AndroidManifest.xml:2:1-35:12
	package
		ADDED from zombie_android_june\android\AndroidManifest.xml:3:5-34
		INJECTED from zombie_android_june\android\AndroidManifest.xml
		INJECTED from zombie_android_june\android\AndroidManifest.xml
	android:versionName
		INJECTED from zombie_android_june\android\AndroidManifest.xml
		INJECTED from zombie_android_june\android\AndroidManifest.xml
	xmlns:android
		ADDED from zombie_android_june\android\AndroidManifest.xml:2:11-69
	android:versionCode
		INJECTED from zombie_android_june\android\AndroidManifest.xml
		INJECTED from zombie_android_june\android\AndroidManifest.xml
uses-permission#android.permission.INTERNET
ADDED from zombie_android_june\android\AndroidManifest.xml:5:5-83
	android:name
		ADDED from zombie_android_june\android\AndroidManifest.xml:5:22-64
uses-sdk
ADDED from zombie_android_june\android\AndroidManifest.xml:6:5-73
MERGED from [com.android.support:appcompat-v7:25.3.1] AndroidManifest.xml:21:5-23:78
MERGED from [com.android.support:support-v4:25.3.1] AndroidManifest.xml:21:5-23:54
MERGED from [com.android.support:support-fragment:25.3.1] AndroidManifest.xml:21:5-23:60
MERGED from [com.android.support:support-media-compat:25.3.1] AndroidManifest.xml:21:5-23:63
MERGED from [com.android.support:support-core-ui:25.3.1] AndroidManifest.xml:21:5-23:58
MERGED from [com.android.support:support-core-utils:25.3.1] AndroidManifest.xml:21:5-23:61
MERGED from [com.android.support:animated-vector-drawable:25.3.1] AndroidManifest.xml:20:5-44
MERGED from [com.android.support:support-vector-drawable:25.3.1] AndroidManifest.xml:20:5-43
MERGED from [com.android.support:support-compat:25.3.1] AndroidManifest.xml:21:5-23:58
MERGED from [com.android.support.constraint:constraint-layout:1.0.2] AndroidManifest.xml:5:5-7:41
	tools:overrideLibrary
		ADDED from [com.android.support:appcompat-v7:25.3.1] AndroidManifest.xml:23:9-75
	android:targetSdkVersion
		ADDED from zombie_android_june\android\AndroidManifest.xml:6:41-70
		INJECTED from zombie_android_june\android\AndroidManifest.xml
		INJECTED from zombie_android_june\android\AndroidManifest.xml
	android:minSdkVersion
		ADDED from zombie_android_june\android\AndroidManifest.xml:6:15-40
		INJECTED from zombie_android_june\android\AndroidManifest.xml
		INJECTED from zombie_android_june\android\AndroidManifest.xml
application
ADDED from zombie_android_june\android\AndroidManifest.xml:8:5-33:19
MERGED from [com.android.support:appcompat-v7:25.3.1] AndroidManifest.xml:29:5-20
MERGED from [com.android.support:support-v4:25.3.1] AndroidManifest.xml:29:5-20
MERGED from [com.android.support:support-fragment:25.3.1] AndroidManifest.xml:29:5-20
MERGED from [com.android.support:support-media-compat:25.3.1] AndroidManifest.xml:29:5-20
MERGED from [com.android.support:support-core-ui:25.3.1] AndroidManifest.xml:29:5-20
MERGED from [com.android.support:support-core-utils:25.3.1] AndroidManifest.xml:29:5-20
MERGED from [com.android.support:animated-vector-drawable:25.3.1] AndroidManifest.xml:26:5-20
MERGED from [com.android.support:support-vector-drawable:25.3.1] AndroidManifest.xml:26:5-20
MERGED from [com.android.support:support-compat:25.3.1] AndroidManifest.xml:29:5-20
MERGED from [com.android.support.constraint:constraint-layout:1.0.2] AndroidManifest.xml:9:5-20
	android:label
		ADDED from zombie_android_june\android\AndroidManifest.xml:11:9-41
	android:allowBackup
		ADDED from zombie_android_june\android\AndroidManifest.xml:9:9-35
	android:icon
		ADDED from zombie_android_june\android\AndroidManifest.xml:10:9-45
	android:theme
		ADDED from zombie_android_june\android\AndroidManifest.xml:12:9-40
activity#com.somoplay.zombie.AndroidLauncher
ADDED from zombie_android_june\android\AndroidManifest.xml:14:9-19:20
	android:screenOrientation
		ADDED from zombie_android_june\android\AndroidManifest.xml:17:13-50
	android:label
		ADDED from zombie_android_june\android\AndroidManifest.xml:16:13-45
	android:configChanges
		ADDED from zombie_android_june\android\AndroidManifest.xml:18:13-83
	android:name
		ADDED from zombie_android_june\android\AndroidManifest.xml:15:13-63
activity#com.somoplay.zombie.MainActivity
ADDED from zombie_android_june\android\AndroidManifest.xml:21:9-31:20
	android:screenOrientation
		ADDED from zombie_android_june\android\AndroidManifest.xml:24:13-49
	android:label
		ADDED from zombie_android_june\android\AndroidManifest.xml:23:13-45
	android:configChanges
		ADDED from zombie_android_june\android\AndroidManifest.xml:25:13-83
	android:name
		ADDED from zombie_android_june\android\AndroidManifest.xml:22:13-60
intent-filter#android.intent.action.MAIN+android.intent.category.LAUNCHER
ADDED from zombie_android_june\android\AndroidManifest.xml:27:13-30:29
action#android.intent.action.MAIN
ADDED from zombie_android_june\android\AndroidManifest.xml:28:17-69
	android:name
		ADDED from zombie_android_june\android\AndroidManifest.xml:28:25-66
category#android.intent.category.LAUNCHER
ADDED from zombie_android_june\android\AndroidManifest.xml:29:17-77
	android:name
		ADDED from zombie_android_june\android\AndroidManifest.xml:29:27-74
meta-data#android.support.VERSION
ADDED from [com.android.support:appcompat-v7:25.3.1] AndroidManifest.xml:25:5-27:34
MERGED from [com.android.support:support-v4:25.3.1] AndroidManifest.xml:25:5-27:34
MERGED from [com.android.support:support-fragment:25.3.1] AndroidManifest.xml:25:5-27:34
MERGED from [com.android.support:support-media-compat:25.3.1] AndroidManifest.xml:25:5-27:34
MERGED from [com.android.support:support-core-ui:25.3.1] AndroidManifest.xml:25:5-27:34
MERGED from [com.android.support:support-core-utils:25.3.1] AndroidManifest.xml:25:5-27:34
MERGED from [com.android.support:animated-vector-drawable:25.3.1] AndroidManifest.xml:22:5-24:34
MERGED from [com.android.support:support-vector-drawable:25.3.1] AndroidManifest.xml:22:5-24:34
MERGED from [com.android.support:support-compat:25.3.1] AndroidManifest.xml:25:5-27:34
	android:value
		ADDED from [com.android.support:appcompat-v7:25.3.1] AndroidManifest.xml:27:9-31
	android:name
		ADDED from [com.android.support:appcompat-v7:25.3.1] AndroidManifest.xml:26:9-47